Results generated by BModes (v1.03.01, 25-Sept-2007, compiled using double precision) on 20-Sep-2022 at 15:19:45.
Created 20-Sep-2022 15:19:45.                                                                      
=================================================================================

            rotating blade frequencies & mode shapes
            --- only first  20 modes printed


 -------- Mode No.   1  (freq = 0.67987E+00 Hz)

span_loc	flap disp	flap slope	lag disp	lag slope	twist

 0.0000	 0.000000	 0.000000	 0.000000	 0.000000	 0.000000
 0.0250	 	 	 	 	-0.000047
 0.0500	 0.000055	 0.002226	 0.000008	 0.000305	-0.000093
 0.0750	 	 	 	 	-0.000181
 0.1000	 0.000266	 0.006348	 0.000039	 0.000970	-0.000269
 0.1250	 	 	 	 	-0.000451
 0.1500	 0.000742	 0.013067	 0.000113	 0.002060	-0.000632
 0.1750	 	 	 	 	-0.000879
 0.2000	 0.001566	 0.020602	 0.000246	 0.003360	-0.001125
 0.2250	 	 	 	 	-0.002225
 0.2500	 0.002840	 0.031410	 0.000457	 0.005203	-0.003317
 0.2750	 	 	 	 	-0.005434
 0.3000	 0.004671	 0.043375	 0.000759	 0.007125	-0.007528
 0.3250	 	 	 	 	-0.009821
 0.3500	 0.007101	 0.055928	 0.001155	 0.009052	-0.012076
 0.3750	 	 	 	 	-0.014530
 0.4000	 0.010172	 0.069589	 0.001647	 0.011043	-0.016926
 0.4250	 	 	 	 	-0.019494
 0.4500	 0.013965	 0.085425	 0.002241	 0.013198	-0.021982
 0.4750	 	 	 	 	-0.024682
 0.5000	 0.018614	 0.104527	 0.002946	 0.015572	-0.027275
 0.5250	 	 	 	 	-0.030209
 0.5500	 0.024302	 0.127735	 0.003772	 0.018150	-0.033001
 0.5750	 	 	 	 	-0.036390
 0.6000	 0.031245	 0.155679	 0.004728	 0.020870	-0.039574
 0.6250	 	 	 	 	-0.043570
 0.6500	 0.039694	 0.189035	 0.005820	 0.023649	-0.047279
 0.6750	 	 	 	 	-0.051829
 0.7000	 0.049957	 0.229368	 0.007047	 0.026428	-0.055993
 0.7250	 	 	 	 	-0.060943
 0.7500	 0.062172	 0.268673	 0.008397	 0.028688	-0.065361
 0.7750	 	 	 	 	-0.070679
 0.8000	 0.076163	 0.302014	 0.009841	 0.030306	-0.075260
 0.8250	 	 	 	 	-0.081050
 0.8500	 0.091633	 0.329115	 0.011351	 0.031393	-0.085854
 0.8750	 	 	 	 	-0.090572
 0.9000	 0.108213	 0.347625	 0.012899	 0.031942	-0.094109
 0.9250	 	 	 	 	-0.097703
 0.9500	 0.125466	 0.357176	 0.014464	 0.032135	-0.099907
 0.9750	 	 	 	 	-0.103365
 1.0000	 0.143053	 0.361395	 0.016035	 0.032197	-0.104551


 -------- Mode No.   2  (freq = 0.10952E+01 Hz)

span_loc	flap disp	flap slope	lag disp	lag slope	twist

 0.0000	 0.000000	 0.000000	 0.000000	 0.000000	 0.000000
 0.0250	 	 	 	 	-0.000001
 0.0500	 0.000023	 0.000925	-0.000216	-0.008721	-0.000001
 0.0750	 	 	 	 	-0.000002
 0.1000	 0.000088	 0.001735	-0.000945	-0.020967	-0.000003
 0.1250	 	 	 	 	-0.000005
 0.1500	 0.000204	 0.003000	-0.002451	-0.040451	-0.000007
 0.1750	 	 	 	 	-0.000011
 0.2000	 0.000367	 0.003709	-0.004883	-0.058887	-0.000015
 0.2250	 	 	 	 	-0.000042
 0.2500	 0.000559	 0.004273	-0.008298	-0.080594	-0.000077
 0.2750	 	 	 	 	-0.000159
 0.3000	 0.000790	 0.005237	-0.012787	-0.102821	-0.000259
 0.3250	 	 	 	 	-0.000393
 0.3500	 0.001074	 0.006465	-0.018337	-0.124103	-0.000554
 0.3750	 	 	 	 	-0.000767
 0.4000	 0.001425	 0.007966	-0.024897	-0.144133	-0.001017
 0.4250	 	 	 	 	-0.001332
 0.4500	 0.001860	 0.009951	-0.032410	-0.163159	-0.001686
 0.4750	 	 	 	 	-0.002123
 0.5000	 0.002415	 0.012896	-0.040843	-0.181733	-0.002597
 0.5250	 	 	 	 	-0.003197
 0.5500	 0.003149	 0.017278	-0.050152	-0.199051	-0.003832
 0.5750	 	 	 	 	-0.004683
 0.6000	 0.004153	 0.023872	-0.060300	-0.216038	-0.005561
 0.6250	 	 	 	 	-0.006757
 0.6500	 0.005556	 0.033502	-0.071282	-0.233137	-0.007954
 0.6750	 	 	 	 	-0.009527
 0.7000	 0.007533	 0.047153	-0.083068	-0.248906	-0.011060
 0.7250	 	 	 	 	-0.012997
 0.7500	 0.010222	 0.062362	-0.095579	-0.262783	-0.014824
 0.7750	 	 	 	 	-0.017140
 0.8000	 0.013639	 0.076758	-0.108725	-0.274930	-0.019232
 0.8250	 	 	 	 	-0.021998
 0.8500	 0.017727	 0.089619	-0.122429	-0.285481	-0.024387
 0.8750	 	 	 	 	-0.026823
 0.9000	 0.022363	 0.099122	-0.136540	-0.291836	-0.028708
 0.9250	 	 	 	 	-0.030676
 0.9500	 0.027357	 0.104380	-0.150877	-0.294940	-0.031909
 0.9750	 	 	 	 	-0.033889
 1.0000	 0.032541	 0.106819	-0.165323	-0.296307	-0.034582


 -------- Mode No.   3  (freq = 0.19253E+01 Hz)

span_loc	flap disp	flap slope	lag disp	lag slope	twist

 0.0000	 0.000000	 0.000000	 0.000000	 0.000000	 0.000000
 0.0250	 	 	 	 	 0.000182
 0.0500	-0.000087	-0.003490	 0.000000	-0.000017	 0.000364
 0.0750	 	 	 	 	 0.000707
 0.1000	-0.000408	-0.009490	-0.000010	-0.000356	 0.001050
 0.1250	 	 	 	 	 0.001760
 0.1500	-0.001097	-0.018481	-0.000040	-0.000845	 0.002467
 0.1750	 	 	 	 	 0.003424
 0.2000	-0.002227	-0.027496	-0.000098	-0.001520	 0.004369
 0.2250	 	 	 	 	 0.008552
 0.2500	-0.003854	-0.038675	-0.000197	-0.002442	 0.012651
 0.2750	 	 	 	 	 0.020468
 0.3000	-0.006004	-0.048832	-0.000335	-0.003119	 0.028033
 0.3250	 	 	 	 	 0.036101
 0.3500	-0.008597	-0.056781	-0.000498	-0.003486	 0.043778
 0.3750	 	 	 	 	 0.051803
 0.4000	-0.011515	-0.062048	-0.000671	-0.003520	 0.059270
 0.4250	 	 	 	 	 0.066830
 0.4500	-0.014604	-0.063721	-0.000835	-0.003126	 0.073681
 0.4750	 	 	 	 	 0.080550
 0.5000	-0.017641	-0.059774	-0.000965	-0.002114	 0.086551
 0.5250	 	 	 	 	 0.092604
 0.5500	-0.020270	-0.047011	-0.001025	-0.000303	 0.097605
 0.5750	 	 	 	 	 0.102686
 0.6000	-0.021956	-0.021294	-0.000972	 0.002484	 0.106467
 0.6250	 	 	 	 	 0.109910
 0.6500	-0.021935	 0.022429	-0.000755	 0.006296	 0.111865
 0.6750	 	 	 	 	 0.112693
 0.7000	-0.019130	 0.091641	-0.000325	 0.011103	 0.112002
 0.7250	 	 	 	 	 0.109405
 0.7500	-0.012549	 0.175396	 0.000340	 0.015842	 0.105489
 0.7750	 	 	 	 	 0.098827
 0.8000	-0.001812	 0.260164	 0.001218	 0.019787	 0.091431
 0.8250	 	 	 	 	 0.080044
 0.8500	 0.012982	 0.339656	 0.002265	 0.022746	 0.069061
 0.8750	 	 	 	 	 0.056774
 0.9000	 0.031239	 0.400856	 0.003422	 0.024376	 0.046475
 0.9250	 	 	 	 	 0.034909
 0.9500	 0.051834	 0.435674	 0.004631	 0.024973	 0.027197
 0.9750	 	 	 	 	 0.014105
 1.0000	 0.073699	 0.452157	 0.005857	 0.025163	 0.009409


 -------- Mode No.   4  (freq = 0.39662E+01 Hz)

span_loc	flap disp	flap slope	lag disp	lag slope	twist

 0.0000	 0.000000	 0.000000	 0.000000	 0.000000	 0.000000
 0.0250	 	 	 	 	-0.000283
 0.0500	 0.000039	 0.001533	 0.000274	 0.010876	-0.000565
 0.0750	 	 	 	 	-0.001097
 0.1000	 0.000199	 0.004872	 0.001151	 0.024537	-0.001626
 0.1250	 	 	 	 	-0.002718
 0.1500	 0.000550	 0.009249	 0.002817	 0.042769	-0.003796
 0.1750	 	 	 	 	-0.005231
 0.2000	 0.001107	 0.013194	 0.005257	 0.056256	-0.006613
 0.2250	 	 	 	 	-0.012534
 0.2500	 0.001845	 0.016478	 0.008290	 0.066811	-0.018107
 0.2750	 	 	 	 	-0.028213
 0.3000	 0.002670	 0.016748	 0.011687	 0.071141	-0.037387
 0.3250	 	 	 	 	-0.046407
 0.3500	 0.003421	 0.013512	 0.015117	 0.068238	-0.054143
 0.3750	 	 	 	 	-0.061217
 0.4000	 0.003914	 0.006332	 0.018223	 0.058033	-0.066722
 0.4250	 	 	 	 	-0.071079
 0.4500	 0.003935	-0.005603	 0.020645	 0.040439	-0.073800
 0.4750	 	 	 	 	-0.075139
 0.5000	 0.003236	-0.022701	 0.022008	 0.014906	-0.074935
 0.5250	 	 	 	 	-0.073115
 0.5500	 0.001586	-0.043819	 0.021952	-0.017228	-0.070025
 0.5750	 	 	 	 	-0.064849
 0.6000	-0.001109	-0.064425	 0.020133	-0.056834	-0.058932
 0.6250	 	 	 	 	-0.050606
 0.6500	-0.004618	-0.075916	 0.016169	-0.104453	-0.042508
 0.6750	 	 	 	 	-0.032694
 0.7000	-0.008166	-0.064996	 0.009784	-0.155344	-0.024403
 0.7250	 	 	 	 	-0.016052
 0.7500	-0.010352	-0.021126	 0.000914	-0.205690	-0.010575
 0.7750	 	 	 	 	-0.007096
 0.8000	-0.009641	 0.050798	-0.010396	-0.254558	-0.007359
 0.8250	 	 	 	 	-0.012362
 0.8500	-0.004867	 0.141171	-0.024061	-0.301266	-0.020548
 0.8750	 	 	 	 	-0.032950
 0.9000	 0.004301	 0.226358	-0.039610	-0.331934	-0.045697
 0.9250	 	 	 	 	-0.062348
 0.9500	 0.016979	 0.282371	-0.056292	-0.348175	-0.074735
 0.9750	 	 	 	 	-0.097786
 1.0000	 0.031814	 0.311397	-0.073564	-0.355796	-0.106458


 -------- Mode No.   5  (freq = 0.43983E+01 Hz)

span_loc	flap disp	flap slope	lag disp	lag slope	twist

 0.0000	 0.000000	 0.000000	 0.000000	 0.000000	 0.000000
 0.0250	 	 	 	 	 0.000450
 0.0500	-0.000136	-0.005377	 0.000046	 0.001815	 0.000899
 0.0750	 	 	 	 	 0.001744
 0.1000	-0.000609	-0.013633	 0.000179	 0.003599	 0.002585
 0.1250	 	 	 	 	 0.004321
 0.1500	-0.001552	-0.024376	 0.000416	 0.005964	 0.006035
 0.1750	 	 	 	 	 0.008318
 0.2000	-0.002966	-0.032848	 0.000745	 0.007440	 0.010520
 0.2250	 	 	 	 	 0.019974
 0.2500	-0.004757	-0.039484	 0.001135	 0.008493	 0.028875
 0.2750	 	 	 	 	 0.044979
 0.3000	-0.006733	-0.040356	 0.001568	 0.009122	 0.059527
 0.3250	 	 	 	 	 0.073703
 0.3500	-0.008579	-0.034266	 0.002018	 0.009205	 0.085670
 0.3750	 	 	 	 	 0.096310
 0.4000	-0.009934	-0.020401	 0.002459	 0.008765	 0.104171
 0.4250	 	 	 	 	 0.109758
 0.4500	-0.010376	 0.002695	 0.002869	 0.007861	 0.112355
 0.4750	 	 	 	 	 0.112087
 0.5000	-0.009420	 0.036114	 0.003220	 0.006279	 0.108915
 0.5250	 	 	 	 	 0.102149
 0.5500	-0.006591	 0.078056	 0.003474	 0.003850	 0.092927
 0.5750	 	 	 	 	 0.078712
 0.6000	-0.001634	 0.121354	 0.003562	-0.000609	 0.063020
 0.6250	 	 	 	 	 0.041173
 0.6500	 0.005170	 0.151267	 0.003347	-0.008511	 0.019795
 0.6750	 	 	 	 	-0.006632
 0.7000	 0.012558	 0.142883	 0.002652	-0.020135	-0.029786
 0.7250	 	 	 	 	-0.054638
 0.7500	 0.018003	 0.072827	 0.001301	-0.034971	-0.073063
 0.7750	 	 	 	 	-0.089126
 0.8000	 0.018536	-0.053164	-0.000823	-0.051259	-0.096420
 0.8250	 	 	 	 	-0.096114
 0.8500	 0.011787	-0.217525	-0.003746	-0.067128	-0.087516
 0.8750	 	 	 	 	-0.069972
 0.9000	-0.003057	-0.375984	-0.007315	-0.077618	-0.049577
 0.9250	 	 	 	 	-0.021057
 0.9500	-0.024472	-0.481383	-0.011255	-0.082650	 0.001052
 0.9750	 	 	 	 	 0.043486
 1.0000	-0.049966	-0.536509	-0.015366	-0.084762	 0.059687


 -------- Mode No.   6  (freq = 0.76100E+01 Hz)

span_loc	flap disp	flap slope	lag disp	lag slope	twist

 0.0000	 0.000000	 0.000000	 0.000000	 0.000000	 0.000000
 0.0250	 	 	 	 	 0.000751
 0.0500	-0.000137	-0.005338	-0.000036	-0.001403	 0.001501
 0.0750	 	 	 	 	 0.002906
 0.1000	-0.000596	-0.012980	-0.000155	-0.003361	 0.004298
 0.1250	 	 	 	 	 0.007141
 0.1500	-0.001451	-0.021170	-0.000376	-0.005455	 0.009908
 0.1750	 	 	 	 	 0.013504
 0.2000	-0.002604	-0.025105	-0.000672	-0.006443	 0.016838
 0.2250	 	 	 	 	 0.030433
 0.2500	-0.003808	-0.022977	-0.000982	-0.005936	 0.042397
 0.2750	 	 	 	 	 0.062115
 0.3000	-0.004701	-0.012586	-0.001219	-0.003584	 0.077710
 0.3250	 	 	 	 	 0.090109
 0.3500	-0.004900	 0.004907	-0.001304	 0.000213	 0.097475
 0.3750	 	 	 	 	 0.100202
 0.4000	-0.004101	 0.027524	-0.001177	 0.004885	 0.097906
 0.4250	 	 	 	 	 0.090667
 0.4500	-0.002122	 0.052105	-0.000815	 0.009691	 0.079816
 0.4750	 	 	 	 	 0.064888
 0.5000	 0.000974	 0.071855	-0.000237	 0.013504	 0.048758
 0.5250	 	 	 	 	 0.029969
 0.5500	 0.004663	 0.075163	 0.000468	 0.014799	 0.013185
 0.5750	 	 	 	 	-0.003968
 0.6000	 0.007786	 0.048712	 0.001145	 0.012421	-0.015290
 0.6250	 	 	 	 	-0.021720
 0.6500	 0.008654	-0.014330	 0.001601	 0.006121	-0.019371
 0.6750	 	 	 	 	-0.005608
 0.7000	 0.005633	-0.103639	 0.001673	-0.002819	 0.016424
 0.7250	 	 	 	 	 0.052511
 0.7500	-0.001098	-0.158286	 0.001323	-0.010753	 0.090957
 0.7750	 	 	 	 	 0.140738
 0.8000	-0.008371	-0.123987	 0.000651	-0.016035	 0.181985
 0.8250	 	 	 	 	 0.226077
 0.8500	-0.011201	 0.016496	-0.000226	-0.019394	 0.251108
 0.8750	 	 	 	 	 0.259235
 0.9000	-0.005224	 0.219309	-0.001213	-0.020939	 0.249562
 0.9250	 	 	 	 	 0.220525
 0.9500	 0.010260	 0.387628	-0.002271	-0.022273	 0.190207
 0.9750	 	 	 	 	 0.120135
 1.0000	 0.032766	 0.487079	-0.003394	-0.023278	 0.091141


 -------- Mode No.   7  (freq = 0.92544E+01 Hz)

span_loc	flap disp	flap slope	lag disp	lag slope	twist

 0.0000	 0.000000	 0.000000	 0.000000	 0.000000	 0.000000
 0.0250	 	 	 	 	-0.000049
 0.0500	-0.000099	-0.003849	 0.000493	 0.019233	-0.000098
 0.0750	 	 	 	 	-0.000190
 0.1000	-0.000388	-0.007734	 0.001963	 0.039518	-0.000280
 0.1250	 	 	 	 	-0.000459
 0.1500	-0.000875	-0.011788	 0.004448	 0.059901	-0.000626
 0.1750	 	 	 	 	-0.000827
 0.2000	-0.001499	-0.013419	 0.007593	 0.066680	-0.000989
 0.2250	 	 	 	 	-0.001566
 0.2500	-0.002151	-0.012810	 0.010729	 0.059445	-0.002071
 0.2750	 	 	 	 	-0.003080
 0.3000	-0.002696	-0.009063	 0.013127	 0.036893	-0.004249
 0.3250	 	 	 	 	-0.005877
 0.3500	-0.002983	-0.002352	 0.014116	 0.002592	-0.007987
 0.3750	 	 	 	 	-0.011006
 0.4000	-0.002878	 0.006767	 0.013245	-0.038248	-0.014797
 0.4250	 	 	 	 	-0.019844
 0.4500	-0.002279	 0.017576	 0.010324	-0.080165	-0.025690
 0.4750	 	 	 	 	-0.032991
 0.5000	-0.001136	 0.028470	 0.005437	-0.117644	-0.040714
 0.5250	 	 	 	 	-0.049882
 0.5500	 0.000457	 0.035346	-0.000980	-0.141875	-0.058493
 0.5750	 	 	 	 	-0.068058
 0.6000	 0.002155	 0.032162	-0.008121	-0.146524	-0.075364
 0.6250	 	 	 	 	-0.081404
 0.6500	 0.003288	 0.012558	-0.014790	-0.122208	-0.083244
 0.6750	 	 	 	 	-0.080049
 0.7000	 0.002974	-0.024818	-0.019405	-0.063309	-0.071860
 0.7250	 	 	 	 	-0.055924
 0.7500	 0.000831	-0.058219	-0.020264	 0.029411	-0.037019
 0.7750	 	 	 	 	-0.010274
 0.8000	-0.002226	-0.059990	-0.015769	 0.152100	 0.013953
 0.8250	 	 	 	 	 0.042952
 0.8500	-0.004216	-0.016338	-0.004607	 0.296749	 0.062809
 0.8750	 	 	 	 	 0.075288
 0.9000	-0.003088	 0.060448	 0.012882	 0.407801	 0.077337
 0.9250	 	 	 	 	 0.070092
 0.9500	 0.001792	 0.128867	 0.034685	 0.472540	 0.059348
 0.9750	 	 	 	 	 0.030818
 1.0000	 0.009597	 0.171020	 0.058917	 0.504687	 0.018433


 -------- Mode No.   8  (freq = 0.11616E+02 Hz)

span_loc	flap disp	flap slope	lag disp	lag slope	twist

 0.0000	 0.000000	 0.000000	 0.000000	 0.000000	 0.000000
 0.0250	 	 	 	 	 0.000367
 0.0500	-0.000070	-0.002695	-0.000010	-0.000370	 0.000731
 0.0750	 	 	 	 	 0.001411
 0.1000	-0.000294	-0.006174	-0.000042	-0.000924	 0.002075
 0.1250	 	 	 	 	 0.003401
 0.1500	-0.000680	-0.009131	-0.000101	-0.001376	 0.004643
 0.1750	 	 	 	 	 0.006149
 0.2000	-0.001142	-0.009308	-0.000170	-0.001369	 0.007385
 0.2250	 	 	 	 	 0.011550
 0.2500	-0.001518	-0.005563	-0.000222	-0.000687	 0.014173
 0.2750	 	 	 	 	 0.016035
 0.3000	-0.001619	 0.001605	-0.000227	 0.000493	 0.014580
 0.3250	 	 	 	 	 0.009437
 0.3500	-0.001332	 0.009893	-0.000171	 0.001748	 0.001228
 0.3750	 	 	 	 	-0.010550
 0.4000	-0.000667	 0.016524	-0.000060	 0.002630	-0.024002
 0.4250	 	 	 	 	-0.039491
 0.4500	 0.000209	 0.018087	 0.000074	 0.002686	-0.054439
 0.4750	 	 	 	 	-0.069488
 0.5000	 0.000943	 0.010722	 0.000181	 0.001542	-0.081839
 0.5250	 	 	 	 	-0.092545
 0.5500	 0.001040	-0.007180	 0.000201	-0.000717	-0.099128
 0.5750	 	 	 	 	-0.102607
 0.6000	 0.000082	-0.030339	 0.000098	-0.003274	-0.102168
 0.6250	 	 	 	 	-0.098333
 0.6500	-0.001834	-0.043869	-0.000107	-0.004684	-0.093775
 0.6750	 	 	 	 	-0.089743
 0.7000	-0.003698	-0.027244	-0.000319	-0.003624	-0.090270
 0.7250	 	 	 	 	-0.098857
 0.7500	-0.003894	 0.019709	-0.000421	-0.000510	-0.115400
 0.7750	 	 	 	 	-0.146760
 0.8000	-0.001800	 0.058931	-0.000360	 0.002712	-0.182298
 0.8250	 	 	 	 	-0.234411
 0.8500	 0.001033	 0.046267	-0.000166	 0.004850	-0.278465
 0.8750	 	 	 	 	-0.317032
 0.9000	 0.001479	-0.031816	 0.000091	 0.005537	-0.337678
 0.9250	 	 	 	 	-0.345497
 0.9500	-0.002631	-0.125032	 0.000372	 0.005957	-0.340073
 0.9750	 	 	 	 	-0.311111
 1.0000	-0.011046	-0.189549	 0.000677	 0.006357	-0.296398


 -------- Mode No.   9  (freq = 0.12941E+02 Hz)

span_loc	flap disp	flap slope	lag disp	lag slope	twist

 0.0000	 0.000000	 0.000000	 0.000000	 0.000000	 0.000000
 0.0250	 	 	 	 	 0.000125
 0.0500	-0.000002	-0.000059	 0.000000	 0.000002	 0.000250
 0.0750	 	 	 	 	 0.000482
 0.1000	-0.000006	-0.000084	 0.000000	 0.000009	 0.000711
 0.1250	 	 	 	 	 0.001178
 0.1500	-0.000007	 0.000028	 0.000001	 0.000036	 0.001636
 0.1750	 	 	 	 	 0.002242
 0.2000	 0.000001	 0.000335	 0.000004	 0.000089	 0.002828
 0.2250	 	 	 	 	 0.005374
 0.2500	 0.000033	 0.001022	 0.000011	 0.000194	 0.007821
 0.2750	 	 	 	 	 0.012379
 0.3000	 0.000107	 0.001990	 0.000024	 0.000322	 0.016662
 0.3250	 	 	 	 	 0.021078
 0.3500	 0.000230	 0.003041	 0.000043	 0.000436	 0.025157
 0.3750	 	 	 	 	 0.029358
 0.4000	 0.000402	 0.003913	 0.000066	 0.000494	 0.033313
 0.4250	 	 	 	 	 0.037535
 0.4500	 0.000605	 0.004257	 0.000089	 0.000445	 0.041774
 0.4750	 	 	 	 	 0.046730
 0.5000	 0.000802	 0.003680	 0.000106	 0.000248	 0.052025
 0.5250	 	 	 	 	 0.058768
 0.5500	 0.000944	 0.002111	 0.000111	-0.000071	 0.065999
 0.5750	 	 	 	 	 0.075799
 0.6000	 0.000999	 0.000348	 0.000098	-0.000408	 0.085907
 0.6250	 	 	 	 	 0.099536
 0.6500	 0.001001	 0.000223	 0.000073	-0.000592	 0.112793
 0.6750	 	 	 	 	 0.129455
 0.7000	 0.001087	 0.003707	 0.000045	-0.000486	 0.144736
 0.7250	 	 	 	 	 0.162697
 0.7500	 0.001410	 0.009177	 0.000029	-0.000205	 0.178478
 0.7750	 	 	 	 	 0.197364
 0.8000	 0.001935	 0.011268	 0.000025	 0.000021	 0.213938
 0.8250	 	 	 	 	 0.235976
 0.8500	 0.002379	 0.005862	 0.000029	 0.000119	 0.255739
 0.8750	 	 	 	 	 0.277370
 0.9000	 0.002378	-0.005735	 0.000035	 0.000124	 0.295831
 0.9250	 	 	 	 	 0.317418
 0.9500	 0.001799	-0.016314	 0.000042	 0.000155	 0.332497
 0.9750	 	 	 	 	 0.359641
 1.0000	 0.000746	-0.023570	 0.000051	 0.000190	 0.369669


 -------- Mode No.  10  (freq = 0.16365E+02 Hz)

span_loc	flap disp	flap slope	lag disp	lag slope	twist

 0.0000	 0.000000	 0.000000	 0.000000	 0.000000	 0.000000
 0.0250	 	 	 	 	-0.001690
 0.0500	 0.000193	 0.007364	 0.000130	 0.004957	-0.003363
 0.0750	 	 	 	 	-0.006453
 0.1000	 0.000787	 0.015921	 0.000504	 0.009795	-0.009428
 0.1250	 	 	 	 	-0.015239
 0.1500	 0.001714	 0.020372	 0.001069	 0.012441	-0.020504
 0.1750	 	 	 	 	-0.026538
 0.2000	 0.002619	 0.015290	 0.001635	 0.010014	-0.031005
 0.2250	 	 	 	 	-0.043506
 0.2500	 0.002959	-0.002130	 0.001938	 0.001952	-0.048280
 0.2750	 	 	 	 	-0.042695
 0.3000	 0.002306	-0.023699	 0.001768	-0.008742	-0.024085
 0.3250	 	 	 	 	 0.007681
 0.3500	 0.000748	-0.037458	 0.001101	-0.017812	 0.045649
 0.3750	 	 	 	 	 0.088796
 0.4000	-0.001067	-0.033426	 0.000109	-0.021719	 0.126877
 0.4250	 	 	 	 	 0.158078
 0.4500	-0.002090	-0.006132	-0.000897	-0.018440	 0.175167
 0.4750	 	 	 	 	 0.177355
 0.5000	-0.001267	 0.038269	-0.001561	-0.008320	 0.164278
 0.5250	 	 	 	 	 0.135181
 0.5500	 0.001619	 0.072529	-0.001638	 0.004658	 0.099546
 0.5750	 	 	 	 	 0.055078
 0.6000	 0.004994	 0.055323	-0.001120	 0.015379	 0.021507
 0.6250	 	 	 	 	-0.000446
 0.6500	 0.005679	-0.030122	-0.000215	 0.020591	 0.003569
 0.6750	 	 	 	 	 0.039379
 0.7000	 0.001463	-0.125326	 0.000785	 0.019974	 0.092897
 0.7250	 	 	 	 	 0.166074
 0.7500	-0.004454	-0.090158	 0.001688	 0.016624	 0.220257
 0.7750	 	 	 	 	 0.249072
 0.8000	-0.004878	 0.074980	 0.002278	 0.006334	 0.227871
 0.8250	 	 	 	 	 0.138268
 0.8500	 0.002342	 0.183224	 0.002006	-0.018263	 0.026361
 0.8750	 	 	 	 	-0.097269
 0.9000	 0.008534	 0.032277	 0.000369	-0.047165	-0.171810
 0.9250	 	 	 	 	-0.196165
 0.9500	 0.001744	-0.286555	-0.002532	-0.067809	-0.160149
 0.9750	 	 	 	 	 0.012501
 1.0000	-0.021765	-0.554538	-0.006231	-0.078549	 0.100233


 -------- Mode No.  11  (freq = 0.16853E+02 Hz)

span_loc	flap disp	flap slope	lag disp	lag slope	twist

 0.0000	 0.000000	 0.000000	 0.000000	 0.000000	 0.000000
 0.0250	 	 	 	 	-0.000892
 0.0500	 0.000240	 0.009183	-0.000524	-0.020012	-0.001775
 0.0750	 	 	 	 	-0.003403
 0.1000	 0.000938	 0.018290	-0.001968	-0.037112	-0.004968
 0.1250	 	 	 	 	-0.008013
 0.1500	 0.001993	 0.023211	-0.004086	-0.046488	-0.010755
 0.1750	 	 	 	 	-0.013859
 0.2000	 0.003048	 0.018607	-0.006224	-0.038630	-0.016089
 0.2250	 	 	 	 	-0.021742
 0.2500	 0.003589	 0.002559	-0.007535	-0.013253	-0.022679
 0.2750	 	 	 	 	-0.015011
 0.3000	 0.003176	-0.018985	-0.007294	 0.023457	 0.001101
 0.3250	 	 	 	 	 0.026260
 0.3500	 0.001791	-0.035730	-0.005217	 0.060215	 0.055454
 0.3750	 	 	 	 	 0.088337
 0.4000	-0.000096	-0.038638	-0.001571	 0.086088	 0.117407
 0.4250	 	 	 	 	 0.141462
 0.4500	-0.001633	-0.021820	 0.002884	 0.092359	 0.154890
 0.4750	 	 	 	 	 0.156839
 0.5000	-0.001853	 0.012773	 0.007011	 0.072468	 0.146471
 0.5250	 	 	 	 	 0.122354
 0.5500	-0.000276	 0.047273	 0.009490	 0.026199	 0.091263
 0.5750	 	 	 	 	 0.049467
 0.6000	 0.002302	 0.050442	 0.009091	-0.042408	 0.013423
 0.6250	 	 	 	 	-0.019650
 0.6500	 0.003689	 0.001959	 0.005062	-0.117518	-0.033304
 0.6750	 	 	 	 	-0.026097
 0.7000	 0.001805	-0.070246	-0.002034	-0.163132	-0.000607
 0.7250	 	 	 	 	 0.043667
 0.7500	-0.002027	-0.068253	-0.009853	-0.145595	 0.082698
 0.7750	 	 	 	 	 0.112597
 0.8000	-0.003106	 0.029145	-0.014795	-0.048966	 0.111484
 0.8250	 	 	 	 	 0.069614
 0.8500	 0.000813	 0.109315	-0.012912	 0.124475	 0.008139
 0.8750	 	 	 	 	-0.065040
 0.9000	 0.004835	 0.028883	-0.002422	 0.292219	-0.111151
 0.9250	 	 	 	 	-0.126969
 0.9500	 0.001056	-0.170858	 0.015130	 0.406463	-0.104007
 0.9750	 	 	 	 	 0.008335
 1.0000	-0.013452	-0.344610	 0.037247	 0.469504	 0.065815


 -------- Mode No.  12  (freq = 0.21514E+02 Hz)

span_loc	flap disp	flap slope	lag disp	lag slope	twist

 0.0000	 0.000000	 0.000000	 0.000000	 0.000000	 0.000000
 0.0250	 	 	 	 	 0.001457
 0.0500	-0.000079	-0.002885	-0.000406	-0.015705	 0.002890
 0.0750	 	 	 	 	 0.005498
 0.1000	-0.000349	-0.007412	-0.001421	-0.024602	 0.007945
 0.1250	 	 	 	 	 0.012523
 0.1500	-0.000838	-0.011518	-0.002391	-0.013447	 0.016379
 0.1750	 	 	 	 	 0.020190
 0.2000	-0.001383	-0.009945	-0.002495	 0.010060	 0.022102
 0.2250	 	 	 	 	 0.022052
 0.2500	-0.001592	 0.001376	-0.001473	 0.031846	 0.014162
 0.2750	 	 	 	 	-0.014250
 0.3000	-0.001203	 0.012679	 0.000280	 0.039379	-0.050684
 0.3250	 	 	 	 	-0.093527
 0.3500	-0.000499	 0.013482	 0.001938	 0.028155	-0.131690
 0.3750	 	 	 	 	-0.162432
 0.4000	-0.000113	 0.000572	 0.002647	 0.001829	-0.177308
 0.4250	 	 	 	 	-0.175471
 0.4500	-0.000591	-0.019093	 0.001878	-0.030315	-0.158382
 0.4750	 	 	 	 	-0.127932
 0.5000	-0.001818	-0.026865	-0.000338	-0.055171	-0.094328
 0.5250	 	 	 	 	-0.059520
 0.5500	-0.002655	-0.003276	-0.003266	-0.058696	-0.036701
 0.5750	 	 	 	 	-0.026793
 0.6000	-0.001598	 0.043563	-0.005677	-0.034954	-0.034456
 0.6250	 	 	 	 	-0.059295
 0.6500	 0.001225	 0.059523	-0.006276	 0.012590	-0.084582
 0.6750	 	 	 	 	-0.102226
 0.7000	 0.002691	-0.008011	-0.004339	 0.065099	-0.093524
 0.7250	 	 	 	 	-0.046990
 0.7500	 0.000079	-0.082872	-0.000176	 0.100589	 0.019724
 0.7750	 	 	 	 	 0.109630
 0.8000	-0.003237	-0.030705	 0.004853	 0.097941	 0.168221
 0.8250	 	 	 	 	 0.189660
 0.8500	-0.001199	 0.102681	 0.008159	 0.030178	 0.155051
 0.8750	 	 	 	 	 0.076269
 0.9000	 0.004456	 0.088576	 0.006908	-0.079493	 0.008623
 0.9250	 	 	 	 	-0.030852
 0.9500	 0.003425	-0.129978	 0.000215	-0.181836	-0.007812
 0.9750	 	 	 	 	 0.156392
 1.0000	-0.011140	-0.363482	-0.011096	-0.254048	 0.246129


 -------- Mode No.  13  (freq = 0.21644E+02 Hz)

span_loc	flap disp	flap slope	lag disp	lag slope	twist

 0.0000	 0.000000	 0.000000	 0.000000	 0.000000	 0.000000
 0.0250	 	 	 	 	-0.002125
 0.0500	 0.000213	 0.008014	 0.000044	 0.001638	-0.004215
 0.0750	 	 	 	 	-0.008022
 0.1000	 0.000828	 0.015873	 0.000171	 0.003295	-0.011603
 0.1250	 	 	 	 	-0.018349
 0.1500	 0.001677	 0.017055	 0.000347	 0.003521	-0.024121
 0.1750	 	 	 	 	-0.030059
 0.2000	 0.002309	 0.007566	 0.000475	 0.001441	-0.033490
 0.2250	 	 	 	 	-0.037533
 0.2500	 0.002179	-0.012618	 0.000439	-0.002781	-0.031163
 0.2750	 	 	 	 	-0.001341
 0.3000	 0.001116	-0.028376	 0.000214	-0.005919	 0.039376
 0.3250	 	 	 	 	 0.088150
 0.3500	-0.000299	-0.026026	-0.000083	-0.005565	 0.131140
 0.3750	 	 	 	 	 0.163887
 0.4000	-0.001045	-0.002485	-0.000263	-0.001478	 0.176055
 0.4250	 	 	 	 	 0.165801
 0.4500	-0.000300	 0.030852	-0.000190	 0.004152	 0.135959
 0.4750	 	 	 	 	 0.088478
 0.5000	 0.001744	 0.045938	 0.000111	 0.007178	 0.038238
 0.5250	 	 	 	 	-0.012312
 0.5500	 0.003352	 0.013035	 0.000408	 0.004160	-0.044033
 0.5750	 	 	 	 	-0.054669
 0.6000	 0.002185	-0.057398	 0.000425	-0.003147	-0.037948
 0.6250	 	 	 	 	 0.007817
 0.6500	-0.001794	-0.087835	 0.000127	-0.007666	 0.055777
 0.6750	 	 	 	 	 0.097314
 0.7000	-0.004203	 0.002686	-0.000182	-0.004077	 0.099851
 0.7250	 	 	 	 	 0.049073
 0.7500	-0.000834	 0.113865	-0.000225	 0.001407	-0.035945
 0.7750	 	 	 	 	-0.157894
 0.8000	 0.003928	 0.048624	-0.000140	 0.001147	-0.241111
 0.8250	 	 	 	 	-0.276264
 0.8500	 0.001353	-0.139597	-0.000142	-0.000590	-0.232797
 0.8750	 	 	 	 	-0.126680
 0.9000	-0.006519	-0.125205	-0.000111	 0.002591	-0.034570
 0.9250	 	 	 	 	 0.017426
 0.9500	-0.005096	 0.183611	 0.000152	 0.007347	-0.018635
 0.9750	 	 	 	 	-0.260255
 1.0000	 0.015623	 0.517663	 0.000598	 0.009753	-0.391419


 -------- Mode No.  14  (freq = 0.26835E+02 Hz)

span_loc	flap disp	flap slope	lag disp	lag slope	twist

 0.0000	 0.000000	 0.000000	 0.000000	 0.000000	 0.000000
 0.0250	 	 	 	 	-0.001593
 0.0500	 0.000088	 0.003277	 0.000319	 0.011920	-0.003146
 0.0750	 	 	 	 	-0.005921
 0.1000	 0.000346	 0.006571	 0.001141	 0.020081	-0.008443
 0.1250	 	 	 	 	-0.012918
 0.1500	 0.000670	 0.005830	 0.002142	 0.018636	-0.016354
 0.1750	 	 	 	 	-0.019052
 0.2000	 0.000822	 0.000056	 0.002769	 0.005802	-0.019297
 0.2250	 	 	 	 	-0.010137
 0.2500	 0.000604	-0.007826	 0.002524	-0.015520	 0.006734
 0.2750	 	 	 	 	 0.048817
 0.3000	 0.000209	-0.006136	 0.001291	-0.032955	 0.090917
 0.3250	 	 	 	 	 0.128214
 0.3500	 0.000228	 0.008104	-0.000471	-0.036455	 0.149124
 0.3750	 	 	 	 	 0.151378
 0.4000	 0.001077	 0.024892	-0.001992	-0.023678	 0.135623
 0.4250	 	 	 	 	 0.106730
 0.4500	 0.002420	 0.025660	-0.002577	 0.000269	 0.077581
 0.4750	 	 	 	 	 0.055658
 0.5000	 0.003056	-0.002474	-0.001901	 0.026104	 0.052161
 0.5250	 	 	 	 	 0.071445
 0.5500	 0.001889	-0.040511	-0.000169	 0.042356	 0.107787
 0.5750	 	 	 	 	 0.161784
 0.6000	-0.000247	-0.035983	 0.001983	 0.042528	 0.204925
 0.6250	 	 	 	 	 0.230754
 0.6500	-0.000415	 0.030240	 0.003580	 0.019557	 0.219285
 0.6750	 	 	 	 	 0.165485
 0.7000	 0.002446	 0.065318	 0.003470	-0.024995	 0.100987
 0.7250	 	 	 	 	 0.038560
 0.7500	 0.003572	-0.030693	 0.001023	-0.070256	 0.021592
 0.7750	 	 	 	 	 0.057094
 0.8000	-0.000319	-0.100193	-0.002819	-0.077002	 0.113135
 0.8250	 	 	 	 	 0.163830
 0.8500	-0.002876	 0.014911	-0.005251	-0.014828	 0.140300
 0.8750	 	 	 	 	 0.022503
 0.9000	 0.001152	 0.106946	-0.003532	 0.082115	-0.124825
 0.9250	 	 	 	 	-0.288999
 0.9500	 0.002366	-0.081225	 0.002746	 0.162596	-0.345571
 0.9750	 	 	 	 	-0.266864
 1.0000	-0.011428	-0.363269	 0.012470	 0.212359	-0.189721


 -------- Mode No.  15  (freq = 0.27059E+02 Hz)

span_loc	flap disp	flap slope	lag disp	lag slope	twist

 0.0000	 0.000000	 0.000000	 0.000000	 0.000000	 0.000000
 0.0250	 	 	 	 	-0.001069
 0.0500	 0.000156	 0.005837	-0.000115	-0.004294	-0.002109
 0.0750	 	 	 	 	-0.003964
 0.1000	 0.000583	 0.010678	-0.000401	-0.006903	-0.005635
 0.1250	 	 	 	 	-0.008538
 0.1500	 0.001121	 0.010035	-0.000744	-0.006416	-0.010656
 0.1750	 	 	 	 	-0.012025
 0.2000	 0.001445	 0.002697	-0.000970	-0.002365	-0.011490
 0.2250	 	 	 	 	-0.000898
 0.2500	 0.001281	-0.008571	-0.000913	 0.004839	 0.016067
 0.2750	 	 	 	 	 0.056968
 0.3000	 0.000733	-0.011631	-0.000477	 0.012708	 0.097732
 0.3250	 	 	 	 	 0.134372
 0.3500	 0.000381	-0.001094	 0.000280	 0.017323	 0.155973
 0.3750	 	 	 	 	 0.160421
 0.4000	 0.000759	 0.015666	 0.001107	 0.015174	 0.147516
 0.4250	 	 	 	 	 0.121296
 0.4500	 0.001767	 0.022039	 0.001619	 0.004698	 0.093075
 0.4750	 	 	 	 	 0.069277
 0.5000	 0.002483	 0.004370	 0.001440	-0.011953	 0.060866
 0.5250	 	 	 	 	 0.071588
 0.5500	 0.001890	-0.025597	 0.000469	-0.025954	 0.098667
 0.5750	 	 	 	 	 0.142961
 0.6000	 0.000426	-0.025751	-0.000894	-0.026900	 0.181589
 0.6250	 	 	 	 	 0.210282
 0.6500	 0.000321	 0.022883	-0.001827	-0.009530	 0.209666
 0.6750	 	 	 	 	 0.176656
 0.7000	 0.002499	 0.049507	-0.001627	 0.016508	 0.132303
 0.7250	 	 	 	 	 0.087520
 0.7500	 0.003263	-0.027536	-0.000312	 0.034222	 0.074928
 0.7750	 	 	 	 	 0.099805
 0.8000	-0.000036	-0.084905	 0.001448	 0.034259	 0.137196
 0.8250	 	 	 	 	 0.162044
 0.8500	-0.002353	 0.006087	 0.002541	 0.007059	 0.124514
 0.8750	 	 	 	 	 0.005357
 0.9000	 0.000616	 0.081413	 0.001753	-0.038887	-0.136513
 0.9250	 	 	 	 	-0.297998
 0.9500	 0.001449	-0.066945	-0.001322	-0.080828	-0.364695
 0.9750	 	 	 	 	-0.340102
 1.0000	-0.009638	-0.291405	-0.006205	-0.106888	-0.291864


 -------- Mode No.  16  (freq = 0.30255E+02 Hz)

span_loc	flap disp	flap slope	lag disp	lag slope	twist

 0.0000	 0.000000	 0.000000	 0.000000	 0.000000	 0.000000
 0.0250	 	 	 	 	-0.000518
 0.0500	 0.000005	 0.000179	-0.000002	-0.000065	-0.001020
 0.0750	 	 	 	 	-0.001917
 0.1000	 0.000014	 0.000109	-0.000007	-0.000140	-0.002744
 0.1250	 	 	 	 	-0.004296
 0.1500	 0.000004	-0.000613	-0.000016	-0.000257	-0.005662
 0.1750	 	 	 	 	-0.007238
 0.2000	-0.000057	-0.001871	-0.000032	-0.000390	-0.008524
 0.2250	 	 	 	 	-0.013304
 0.2500	-0.000194	-0.003698	-0.000056	-0.000533	-0.017318
 0.2750	 	 	 	 	-0.023986
 0.3000	-0.000412	-0.005002	-0.000083	-0.000549	-0.029852
 0.3250	 	 	 	 	-0.035917
 0.3500	-0.000662	-0.005003	-0.000106	-0.000398	-0.042098
 0.3750	 	 	 	 	-0.049635
 0.4000	-0.000877	-0.003720	-0.000119	-0.000139	-0.058069
 0.4250	 	 	 	 	-0.068385
 0.4500	-0.001019	-0.002290	-0.000120	 0.000053	-0.079331
 0.4750	 	 	 	 	-0.091835
 0.5000	-0.001128	-0.002622	-0.000118	-0.000021	-0.103939
 0.5250	 	 	 	 	-0.116919
 0.5500	-0.001322	-0.005383	-0.000127	-0.000323	-0.128146
 0.5750	 	 	 	 	-0.140233
 0.6000	-0.001651	-0.007401	-0.000147	-0.000417	-0.150586
 0.6250	 	 	 	 	-0.163246
 0.6500	-0.001947	-0.003903	-0.000157	 0.000111	-0.175320
 0.6750	 	 	 	 	-0.190303
 0.7000	-0.001939	 0.003491	-0.000129	 0.000936	-0.202200
 0.7250	 	 	 	 	-0.210344
 0.7500	-0.001683	 0.005881	-0.000073	 0.001257	-0.207827
 0.7750	 	 	 	 	-0.188584
 0.8000	-0.001348	 0.009174	-0.000014	 0.001090	-0.156358
 0.8250	 	 	 	 	-0.096472
 0.8500	-0.000538	 0.024773	 0.000027	 0.000577	-0.034437
 0.8750	 	 	 	 	 0.038440
 0.9000	 0.000994	 0.033057	 0.000033	-0.000389	 0.105606
 0.9250	 	 	 	 	 0.195725
 0.9500	 0.002109	 0.010174	-0.000016	-0.001461	 0.272150
 0.9750	 	 	 	 	 0.446219
 1.0000	 0.001339	-0.026368	-0.000111	-0.002128	 0.516642


 -------- Mode No.  17  (freq = 0.33011E+02 Hz)

span_loc	flap disp	flap slope	lag disp	lag slope	twist

 0.0000	 0.000000	 0.000000	 0.000000	 0.000000	 0.000000
 0.0250	 	 	 	 	-0.003153
 0.0500	 0.000210	 0.007711	 0.000051	 0.001866	-0.006186
 0.0750	 	 	 	 	-0.011489
 0.1000	 0.000752	 0.012885	 0.000182	 0.003103	-0.016132
 0.1250	 	 	 	 	-0.023933
 0.1500	 0.001304	 0.007913	 0.000314	 0.001870	-0.029406
 0.1750	 	 	 	 	-0.032749
 0.2000	 0.001358	-0.005867	 0.000324	-0.001497	-0.031422
 0.2250	 	 	 	 	-0.007934
 0.2500	 0.000676	-0.019203	 0.000156	-0.004716	 0.025387
 0.2750	 	 	 	 	 0.093592
 0.3000	-0.000160	-0.011090	-0.000061	-0.003335	 0.144495
 0.3250	 	 	 	 	 0.165513
 0.3500	-0.000097	 0.013630	-0.000106	 0.001543	 0.146780
 0.3750	 	 	 	 	 0.090920
 0.4000	 0.000996	 0.025654	 0.000066	 0.004581	 0.021221
 0.4250	 	 	 	 	-0.045172
 0.4500	 0.001755	 0.000391	 0.000241	 0.001819	-0.080631
 0.4750	 	 	 	 	-0.077478
 0.5000	 0.000594	-0.043253	 0.000176	-0.003996	-0.039987
 0.5250	 	 	 	 	 0.021988
 0.5500	-0.001717	-0.038216	-0.000072	-0.004765	 0.071369
 0.5750	 	 	 	 	 0.089935
 0.6000	-0.001771	 0.036049	-0.000160	 0.001181	 0.056009
 0.6250	 	 	 	 	-0.037788
 0.6500	 0.001155	 0.059152	-0.000003	 0.003495	-0.131507
 0.6750	 	 	 	 	-0.199950
 0.7000	 0.001226	-0.060912	 0.000016	-0.002776	-0.188511
 0.7250	 	 	 	 	-0.095162
 0.7500	-0.003251	-0.078074	-0.000175	-0.002878	 0.001615
 0.7750	 	 	 	 	 0.050743
 0.8000	-0.002662	 0.098624	-0.000115	 0.004795	-0.006495
 0.8250	 	 	 	 	-0.171781
 0.8500	 0.002958	 0.068786	 0.000150	 0.003961	-0.276383
 0.8750	 	 	 	 	-0.231016
 0.9000	-0.000006	-0.153098	 0.000155	-0.002927	-0.046479
 0.9250	 	 	 	 	 0.246263
 0.9500	-0.004483	 0.040300	-0.000058	-0.005054	 0.377258
 0.9750	 	 	 	 	 0.273267
 1.0000	 0.013394	 0.502769	-0.000333	-0.005897	 0.133193


 -------- Mode No.  18  (freq = 0.39207E+02 Hz)

span_loc	flap disp	flap slope	lag disp	lag slope	twist

 0.0000	 0.000000	 0.000000	 0.000000	 0.000000	 0.000000
 0.0250	 	 	 	 	 0.004226
 0.0500	 0.000016	 0.000683	-0.000739	-0.026898	 0.008232
 0.0750	 	 	 	 	 0.015067
 0.1000	 0.000055	 0.001188	-0.002447	-0.038547	 0.020844
 0.1250	 	 	 	 	 0.030154
 0.1500	 0.000183	 0.004201	-0.003988	-0.019541	 0.036397
 0.1750	 	 	 	 	 0.040004
 0.2000	 0.000492	 0.007697	-0.004005	 0.019712	 0.038724
 0.2250	 	 	 	 	 0.018036
 0.2500	 0.000830	 0.003789	-0.001933	 0.060761	-0.006060
 0.2750	 	 	 	 	-0.041321
 0.3000	 0.000636	-0.012237	 0.001405	 0.068530	-0.049418
 0.3250	 	 	 	 	-0.024398
 0.3500	-0.000261	-0.020627	 0.004033	 0.033540	 0.022496
 0.3750	 	 	 	 	 0.076010
 0.4000	-0.000908	-0.001696	 0.004261	-0.024429	 0.106967
 0.4250	 	 	 	 	 0.103272
 0.4500	-0.000128	 0.030730	 0.001769	-0.072159	 0.066847
 0.4750	 	 	 	 	 0.009478
 0.5000	 0.001555	 0.028770	-0.002156	-0.079676	-0.035842
 0.5250	 	 	 	 	-0.051074
 0.5500	 0.001740	-0.021582	-0.005094	-0.033221	-0.022489
 0.5750	 	 	 	 	 0.050988
 0.6000	-0.000102	-0.038096	-0.004593	 0.053356	 0.120558
 0.6250	 	 	 	 	 0.162525
 0.6500	-0.000370	 0.028317	 0.000055	 0.123122	 0.137704
 0.6750	 	 	 	 	 0.046294
 0.7000	 0.001660	 0.025893	 0.005803	 0.092909	-0.036528
 0.7250	 	 	 	 	-0.069692
 0.7500	 0.000093	-0.076357	 0.007226	-0.039072	-0.026640
 0.7750	 	 	 	 	 0.059450
 0.8000	-0.002498	 0.002797	 0.001680	-0.167992	 0.075794
 0.8250	 	 	 	 	-0.036054
 0.8500	 0.000800	 0.085098	-0.006925	-0.148834	-0.181527
 0.8750	 	 	 	 	-0.254345
 0.9000	 0.000799	-0.088887	-0.009380	 0.062777	-0.163352
 0.9250	 	 	 	 	 0.086142
 0.9500	-0.003438	-0.011387	 0.000746	 0.322263	 0.233255
 0.9750	 	 	 	 	 0.209289
 1.0000	 0.008571	 0.359141	 0.023188	 0.510323	 0.099603


 -------- Mode No.  19  (freq = 0.39380E+02 Hz)

span_loc	flap disp	flap slope	lag disp	lag slope	twist

 0.0000	 0.000000	 0.000000	 0.000000	 0.000000	 0.000000
 0.0250	 	 	 	 	 0.004839
 0.0500	-0.000278	-0.010048	 0.000100	 0.003663	 0.009421
 0.0750	 	 	 	 	 0.017198
 0.1000	-0.000940	-0.014835	 0.000327	 0.005148	 0.023671
 0.1250	 	 	 	 	 0.033684
 0.1500	-0.001469	-0.004687	 0.000551	 0.003455	 0.039663
 0.1750	 	 	 	 	 0.041200
 0.2000	-0.001226	 0.014007	 0.000628	-0.000685	 0.035958
 0.2250	 	 	 	 	-0.009231
 0.2500	-0.000186	 0.023720	 0.000430	-0.007665	-0.059472
 0.2750	 	 	 	 	-0.137459
 0.3000	 0.000554	 0.002838	-0.000126	-0.014263	-0.166868
 0.3250	 	 	 	 	-0.134709
 0.3500	-0.000028	-0.022594	-0.000826	-0.012287	-0.055172
 0.3750	 	 	 	 	 0.047429
 0.4000	-0.001024	-0.010842	-0.001110	 0.002066	 0.120132
 0.4250	 	 	 	 	 0.138738
 0.4500	-0.000474	 0.031210	-0.000540	 0.019792	 0.096899
 0.4750	 	 	 	 	 0.010714
 0.5000	 0.001421	 0.033106	 0.000599	 0.022976	-0.068587
 0.5250	 	 	 	 	-0.111174
 0.5500	 0.001374	-0.036221	 0.001320	 0.004778	-0.086947
 0.5750	 	 	 	 	 0.006457
 0.6000	-0.001452	-0.055042	 0.000955	-0.017171	 0.102022
 0.6250	 	 	 	 	 0.160233
 0.6500	-0.001417	 0.058525	-0.000115	-0.023599	 0.121104
 0.6750	 	 	 	 	-0.015533
 0.7000	 0.002655	 0.059555	-0.001120	-0.016590	-0.131303
 0.7250	 	 	 	 	-0.152671
 0.7500	 0.000801	-0.115666	-0.001523	 0.002503	-0.044287
 0.7750	 	 	 	 	 0.150425
 0.8000	-0.003383	-0.000446	-0.000537	 0.035771	 0.221908
 0.8250	 	 	 	 	 0.078957
 0.8500	 0.001716	 0.135054	 0.001508	 0.037519	-0.153570
 0.8750	 	 	 	 	-0.304511
 0.9000	 0.001628	-0.147045	 0.002145	-0.014598	-0.208680
 0.9250	 	 	 	 	 0.117524
 0.9500	-0.005741	-0.035813	-0.000170	-0.072703	 0.295188
 0.9750	 	 	 	 	 0.138323
 1.0000	 0.012305	 0.547938	-0.005166	-0.113326	-0.080089


 -------- Mode No.  20  (freq = 0.45583E+02 Hz)

span_loc	flap disp	flap slope	lag disp	lag slope	twist

 0.0000	 0.000000	 0.000000	 0.000000	 0.000000	 0.000000
 0.0250	 	 	 	 	-0.005807
 0.0500	 0.000043	 0.001402	 0.000003	 0.000065	-0.011215
 0.0750	 	 	 	 	-0.020193
 0.1000	 0.000095	 0.000127	-0.000001	-0.000304	-0.027523
 0.1250	 	 	 	 	-0.039019
 0.1500	-0.000050	-0.006367	-0.000045	-0.001525	-0.046800
 0.1750	 	 	 	 	-0.052243
 0.2000	-0.000546	-0.013133	-0.000151	-0.002592	-0.053346
 0.2250	 	 	 	 	-0.047879
 0.2500	-0.001231	-0.012973	-0.000272	-0.001962	-0.043203
 0.2750	 	 	 	 	-0.048676
 0.3000	-0.001648	-0.003887	-0.000311	 0.000330	-0.074123
 0.3250	 	 	 	 	-0.117617
 0.3500	-0.001694	-0.000180	-0.000261	 0.001235	-0.159998
 0.3750	 	 	 	 	-0.188772
 0.4000	-0.001856	-0.006960	-0.000231	-0.000132	-0.190862
 0.4250	 	 	 	 	-0.170401
 0.4500	-0.002277	-0.007377	-0.000265	-0.000862	-0.144638
 0.4750	 	 	 	 	-0.128221
 0.5000	-0.002237	 0.009566	-0.000268	 0.000876	-0.133949
 0.5250	 	 	 	 	-0.160649
 0.5500	-0.001491	 0.015067	-0.000188	 0.001833	-0.188577
 0.5750	 	 	 	 	-0.202311
 0.6000	-0.001359	-0.009722	-0.000140	 0.000164	-0.184584
 0.6250	 	 	 	 	-0.133163
 0.6500	-0.001927	-0.002536	-0.000132	 0.000874	-0.087429
 0.6750	 	 	 	 	-0.063171
 0.7000	-0.000689	 0.045049	-0.000010	 0.003405	-0.069189
 0.7250	 	 	 	 	-0.073384
 0.7500	 0.000916	 0.008004	 0.000097	 0.000341	-0.031704
 0.7750	 	 	 	 	 0.084620
 0.8000	 0.000440	-0.006303	 0.000034	-0.001906	 0.190909
 0.8250	 	 	 	 	 0.250109
 0.8500	 0.001684	 0.044073	-0.000022	-0.000430	 0.206879
 0.8750	 	 	 	 	 0.111368
 0.9000	 0.001810	-0.054917	-0.000036	-0.000175	 0.062800
 0.9250	 	 	 	 	 0.054039
 0.9500	-0.002295	-0.065661	-0.000004	 0.001614	 0.004726
 0.9750	 	 	 	 	-0.344399
 1.0000	 0.000499	 0.112965	 0.000147	 0.003626	-0.540903
=================================================================================
